Build started 1/4/2015 10:50:34 PM.
     1>Project "L:\Projects\rubluskaskazka\Chess\ChessWithUi\ChessWithUi.vcxproj" on node 2 (Build target(s)).
     1>ClCompile:
         C:\Program Files (x86)\Microsoft Visual Studio 11.0\VC\bin\CL.exe /c /ZI /nologo /W3 /WX- /sdl /Od /Oy- /D WIN32 /D _DEBUG /D _LIB /D _UNICODE /D UNICODE /Gm /EHsc /RTC1 /MDd /GS /fp:precise /Zc:wchar_t /Zc:forScope /Yu"stdafx.h" /Fp"Debug\ChessWithUi.pch" /Fo"Debug\\" /Fd"Debug\vc110.pdb" /Gd /TP /analyze- /errorReport:prompt Board.cpp ChessGame.cpp King.cpp Pown.cpp Square.cpp
     1>cl : Command line warning D9028: minimal rebuild failure, reverting to normal build
         Board.cpp
         ChessGame.cpp
         King.cpp
         Pown.cpp
         Square.cpp
         Generating Code...
       Lib:
         C:\Program Files (x86)\Microsoft Visual Studio 11.0\VC\bin\Lib.exe /OUT:"L:\Projects\rubluskaskazka\Chess\ChessWithUi\Debug\ChessWithUi.lib" /NOLOGO Debug\Board.obj
         Debug\ChessGame.obj
         Debug\Coordinate.obj
         Debug\King.obj
         Debug\Pown.obj
         Debug\Square.obj
         Debug\stdafx.obj
         ChessWithUi.vcxproj -> L:\Projects\rubluskaskazka\Chess\ChessWithUi\Debug\ChessWithUi.lib
     1>Done Building Project "L:\Projects\rubluskaskazka\Chess\ChessWithUi\ChessWithUi.vcxproj" (Build target(s)).

Build succeeded.

Time Elapsed 00:00:02.06
